<?xml version="1.0" encoding="UTF-8"?>
<!-- Generated by org.testng.reporters.JUnitXMLReporter -->
<testsuite hostname="DESKTOP-JPKCAVC" ignored="0" name="cv-library-uk-mvn" tests="5" failures="0" timestamp="2022-05-10T15:11:24 BST" time="185.168" errors="0">
  <testcase name="verifyJobSearchResultUsingDifferentDataSet" time="27.337" classname="uk.co.library.testsuite.JobSearchTest"/>
  <testcase name="verifyJobSearchResultUsingDifferentDataSet" time="30.192" classname="uk.co.library.testsuite.JobSearchTest"/>
  <testcase name="verifyJobSearchResultUsingDifferentDataSet" time="31.083" classname="uk.co.library.testsuite.JobSearchTest"/>
  <testcase name="verifyJobSearchResultUsingDifferentDataSet" time="30.388" classname="uk.co.library.testsuite.JobSearchTest"/>
  <testcase name="verifyJobSearchResultUsingDifferentDataSet" time="30.112" classname="uk.co.library.testsuite.JobSearchTest"/>
</testsuite> <!-- cv-library-uk-mvn -->
